<?xml version="1.0" encoding="UTF-8"?>
<!-- Generated by org.testng.reporters.JUnitReportReporter -->
<testsuite skipped="0" hostname="My" name="Maven.launchBrowser" tests="1" failures="0" timestamp="27 Dec 2017 12:43:18 GMT" time="34.571" errors="0">
  <testcase name="Method1" time="34.571" classname="Maven.launchBrowser"/>
</testsuite> <!-- Maven.launchBrowser -->
